<?xml version="1.0" encoding="UTF-8"?>
<!-- Generated by org.testng.reporters.JUnitReportReporter -->
<testsuite hostname="DESKTOP-9STP60L" failures="0" tests="2" name="test.ValidateLoginPage" time="0.654" errors="0" timestamp="2023-08-09T14:33:17 IST" skipped="0">
  <testcase classname="test.ValidateLoginPage" name="validateEmailIDField" time="0.326">
    <system-out>
      <![CDATA[Email id field is displayed
Waiting for complete load page, wait time-3000]]>
    </system-out>
  </testcase> <!-- validateEmailIDField -->
  <testcase classname="test.ValidateLoginPage" name="validatePasswordField" time="0.328">
    <system-out>
      <![CDATA[Password field is displayed
Waiting for complete load page, wait time-3000]]>
    </system-out>
  </testcase> <!-- validatePasswordField -->
  <system-out>
    <![CDATA[Opening facebook apllication
Waiting for complete load page, wait time-3000
Email id field is displayed
Waiting for complete load page, wait time-3000
Password field is displayed
Waiting for complete load page, wait time-3000
Waiting for complete load page, wait time-1000
Teardown browser]]>
  </system-out>
</testsuite> <!-- test.ValidateLoginPage -->
