<?xml version="1.0" encoding="UTF-8"?>
<!-- Generated by org.testng.reporters.JUnitReportReporter -->
<testsuite hostname="DESKTOP-9STP60L" failures="0" tests="2" name="test.ValidateLoginPageUsingDataProvider" time="16.348" errors="0" timestamp="2023-08-09T15:12:12 IST" skipped="0">
  <testcase classname="test.ValidateLoginPageUsingDataProvider" name="validateEmailIDField" time="6.753">
    <system-out>
      <![CDATA[Email id field is displayed
Waiting for complete load page, wait time-5000
Password field is displayed
Waiting for complete load page, wait time-3000]]>
    </system-out>
  </testcase> <!-- validateEmailIDField -->
  <testcase classname="test.ValidateLoginPageUsingDataProvider" name="validateEmailIDField" time="9.595">
    <system-out>
      <![CDATA[Email id field is displayed
Waiting for complete load page, wait time-5000
Password field is displayed
Waiting for complete load page, wait time-3000]]>
    </system-out>
  </testcase> <!-- validateEmailIDField -->
  <system-out>
    <![CDATA[Reading data from property file, Key-urlAnd Value-https://www.facebook.com/
Opening facebook apllication
Waiting for complete load page, wait time-3000
Email id field is displayed
Waiting for complete load page, wait time-5000
Password field is displayed
Waiting for complete load page, wait time-3000
Reading data from property file, Key-urlAnd Value-https://www.facebook.com/
Opening facebook apllication
Waiting for complete load page, wait time-3000
Email id field is displayed
Waiting for complete load page, wait time-5000
Password field is displayed
Waiting for complete load page, wait time-3000]]>
  </system-out>
</testsuite> <!-- test.ValidateLoginPageUsingDataProvider -->
